

================================================================
== Vivado HLS Report for 'dma_filter'
================================================================
* Date:           Tue May 12 06:14:33 2015

* Version:        2014.1 (build date: Fri Apr 04 13:20:25 PM 2014)
* Project:        DMA_Filter
* Solution:       solution1
* Product family: zynq zynq_fpv6 
* Target device:  xc7z020clg484-1


================================================================
== Performance Estimates
================================================================
+ Timing (ns): 
    * Summary: 
    +---------+-------+----------+------------+
    |  Clock  | Target| Estimated| Uncertainty|
    +---------+-------+----------+------------+
    |default  |  10.00|      0.00|        1.25|
    +---------+-------+----------+------------+

+ Latency (clock cycles): 
    * Summary: 
    +-----+-----+-----+-----+---------+
    |  Latency  |  Interval | Pipeline|
    | min | max | min | max |   Type  |
    +-----+-----+-----+-----+---------+
    |    0|    0|    1|    1|   none  |
    +-----+-----+-----+-----+---------+

    + Detail: 
        * Instance: 
        N/A

        * Loop: 
        N/A



================================================================
== Utilization Estimates
================================================================
* Summary: 
+-----------------+---------+-------+--------+-------+
|       Name      | BRAM_18K| DSP48E|   FF   |  LUT  |
+-----------------+---------+-------+--------+-------+
|Expression       |        -|      -|       -|      -|
|FIFO             |        -|      -|       -|      -|
|Instance         |        -|      -|       -|      -|
|Memory           |        -|      -|       -|      -|
|Multiplexer      |        -|      -|       -|      -|
|Register         |        -|      -|       -|      -|
+-----------------+---------+-------+--------+-------+
|Total            |        0|      0|       0|      0|
+-----------------+---------+-------+--------+-------+
|Available        |      280|    220|  106400|  53200|
+-----------------+---------+-------+--------+-------+
|Utilization (%)  |        0|      0|       0|      0|
+-----------------+---------+-------+--------+-------+

+ Detail: 
    * Instance: 
    N/A

    * Memory: 
    N/A

    * FIFO: 
    N/A

    * Expression: 
    N/A

    * Multiplexer: 
    N/A

    * Register: 
    N/A



================================================================
== Interface
================================================================
* Summary: 
+------------------------+-----+-----+---------+--------------+--------+
|        RTL Ports       | Dir | Bits| Protocol| Source Object| C Type |
+------------------------+-----+-----+---------+--------------+--------+
|s_axi_AXILiteS_AWVALID  |  in |    1|  s_axi  |   AXILiteS   | scalar |
|s_axi_AXILiteS_AWREADY  | out |    1|  s_axi  |   AXILiteS   | scalar |
|s_axi_AXILiteS_AWADDR   |  in |    5|  s_axi  |   AXILiteS   | scalar |
|s_axi_AXILiteS_WVALID   |  in |    1|  s_axi  |   AXILiteS   | scalar |
|s_axi_AXILiteS_WREADY   | out |    1|  s_axi  |   AXILiteS   | scalar |
|s_axi_AXILiteS_WDATA    |  in |   32|  s_axi  |   AXILiteS   | scalar |
|s_axi_AXILiteS_WSTRB    |  in |    4|  s_axi  |   AXILiteS   | scalar |
|s_axi_AXILiteS_ARVALID  |  in |    1|  s_axi  |   AXILiteS   | scalar |
|s_axi_AXILiteS_ARREADY  | out |    1|  s_axi  |   AXILiteS   | scalar |
|s_axi_AXILiteS_ARADDR   |  in |    5|  s_axi  |   AXILiteS   | scalar |
|s_axi_AXILiteS_RVALID   | out |    1|  s_axi  |   AXILiteS   | scalar |
|s_axi_AXILiteS_RREADY   |  in |    1|  s_axi  |   AXILiteS   | scalar |
|s_axi_AXILiteS_RDATA    | out |   32|  s_axi  |   AXILiteS   | scalar |
|s_axi_AXILiteS_RRESP    | out |    2|  s_axi  |   AXILiteS   | scalar |
|s_axi_AXILiteS_BVALID   | out |    1|  s_axi  |   AXILiteS   | scalar |
|s_axi_AXILiteS_BREADY   |  in |    1|  s_axi  |   AXILiteS   | scalar |
|s_axi_AXILiteS_BRESP    | out |    2|  s_axi  |   AXILiteS   | scalar |
+------------------------+-----+-----+---------+--------------+--------+

============================================================
+ Verbose Summary: Synthesis Manager
============================================================
InlineROM: 1
ExposeGlobal: 0
============================================================
+ Verbose Summary: CDFG Model
============================================================
IsTopModel: 1
ResetActiveHigh: 1
IsCombinational: 0
IsDatapathOnly: 0
HasWiredReturn: 1
HasMFsm: 0
HasVarLatency: 0
IsPipeline: 0
IsRtlPipelined: 0
IsInstanceOverlapped: 0
IsDontTouch: 0
HasImplIP: 0
IsGatedGlobalClock: 0


============================================================
+ Verbose Summary: Schedule
============================================================
* Number of FSM states: 1
* Pipeline: 0
* Dataflow Pipeline: 0

* FSM state transitions: 
1 --> 
* FSM state operations: 

 <State 1>: 0.00ns
ST_1: stg_2 [1/1] 0.00ns
_ifconv:0  call void (...)* @_ssdm_op_SpecBitsMap([88 x i32]* %input_config) nounwind, !map !0

ST_1: stg_3 [1/1] 0.00ns
_ifconv:1  call void (...)* @_ssdm_op_SpecBitsMap(i32* %output_config), !map !6

ST_1: stg_4 [1/1] 0.00ns
_ifconv:2  call void (...)* @_ssdm_op_SpecBitsMap(i32 %minAddress) nounwind, !map !10

ST_1: stg_5 [1/1] 0.00ns
_ifconv:3  call void (...)* @_ssdm_op_SpecBitsMap(i1 %reset) nounwind, !map !16

ST_1: stg_6 [1/1] 0.00ns
_ifconv:4  call void (...)* @_ssdm_op_SpecTopModule([11 x i8]* @str) nounwind

ST_1: minAddress_read [1/1] 0.00ns
_ifconv:5  %minAddress_read = call i32 @_ssdm_op_Read.ap_auto.i32(i32 %minAddress)

ST_1: minAddress_assign [1/1] 0.00ns
_ifconv:6  %minAddress_assign = alloca i32, align 4

ST_1: stg_9 [1/1] 0.00ns
_ifconv:7  store volatile i32 %minAddress_read, i32* %minAddress_assign, align 4

ST_1: stg_10 [1/1] 0.00ns
_ifconv:8  call void (...)* @_ssdm_op_SpecWire(i1 %reset, [8 x i8]* @p_str, i32 0, i32 0, i32 0, i32 1, [1 x i8]* @p_str1, [1 x i8]* @p_str1, [1 x i8]* @p_str1) nounwind

ST_1: stg_11 [1/1] 0.00ns
_ifconv:9  call void (...)* @_ssdm_op_SpecWire(i32 %minAddress, [10 x i8]* @p_str2, i32 0, i32 0, i32 0, i32 0, [1 x i8]* @p_str1, [1 x i8]* @p_str1, [1 x i8]* @p_str1) nounwind

ST_1: stg_12 [1/1] 0.00ns
_ifconv:10  call void (...)* @_ssdm_op_SpecWire(i32* %output_config, [6 x i8]* @p_str3, i32 0, i32 0, i32 0, i32 0, [1 x i8]* @p_str1, [1 x i8]* @p_str1, [1 x i8]* @p_str1)

ST_1: stg_13 [1/1] 0.00ns
_ifconv:11  call void (...)* @_ssdm_op_SpecWire([88 x i32]* %input_config, [10 x i8]* @p_str2, i32 0, i32 0, i32 0, i32 0, [1 x i8]* @p_str1, [1 x i8]* @p_str1, [1 x i8]* @p_str1) nounwind

ST_1: stg_14 [1/1] 0.00ns
_ifconv:12  ret void



============================================================
+ Verbose Summary: Binding
============================================================
STG Binding: 
---------------- STG Properties BEGIN ----------------
- Is combinational: 0
- Is one-state seq: 1
- Is datapath-only: 0
- Is clock enabled: 0
- Is pipelined: 0
- Is top level: 1
Port [ Return ] is wired: 1; IO mode=ap_ctrl_hs:ce=0
Port [ input_config]:  wired=1; compound=1; hidden=0; nouse=1; global=0; static=0; extern=0; dir=3; type=1; mode=0x4bf1310; pingpong=0; private_global=0; MemPort=[]; IO mode=ap_memory:ce=0
Port [ output_config]:  wired=1; compound=1; hidden=0; nouse=1; global=0; static=0; extern=0; dir=0; type=4; mode=0x4d2bb70; pingpong=0; private_global=0; IO mode=m_axi:ce=0
Port [ minAddress]:  wired=1; compound=0; hidden=0; nouse=0; global=0; static=0; extern=0; dir=0; type=0; mode=0x4bafd50; pingpong=0; private_global=0; IO mode=ap_none:ce=0
Port [ reset]:  wired=1; compound=0; hidden=0; nouse=1; global=0; static=0; extern=0; dir=0; type=0; mode=0x4d22410; pingpong=0; private_global=0; IO mode=ap_none:ce=0
---------------- STG Properties END ------------------

---------------- Datapath Model BEGIN ----------------

<LifeTime>
<method=bitvector/>
stg_2             (specbitsmap  ) [ 00]
stg_3             (specbitsmap  ) [ 00]
stg_4             (specbitsmap  ) [ 00]
stg_5             (specbitsmap  ) [ 00]
stg_6             (spectopmodule) [ 00]
minAddress_read   (read         ) [ 00]
minAddress_assign (alloca       ) [ 01]
stg_9             (store        ) [ 00]
stg_10            (specwire     ) [ 00]
stg_11            (specwire     ) [ 00]
stg_12            (specwire     ) [ 00]
stg_13            (specwire     ) [ 00]
stg_14            (ret          ) [ 00]
</LifeTime>

<model>

<comp_list>
<comp id="0" class="1000" name="input_config">
<pin_list>
<pin id="1" dir="1" index="0" bw="1" slack="2147483647"/>
</pin_list>
<bind>
<StgValue><ssdm name="input_config"/></StgValue>
</bind>
</comp>

<comp id="2" class="1000" name="output_config">
<pin_list>
<pin id="3" dir="1" index="0" bw="1" slack="2147483647"/>
</pin_list>
<bind>
<StgValue><ssdm name="output_config"/></StgValue>
</bind>
</comp>

<comp id="4" class="1000" name="minAddress">
<pin_list>
<pin id="5" dir="1" index="0" bw="1" slack="0"/>
</pin_list>
<bind>
<StgValue><ssdm name="minAddress"/></StgValue>
</bind>
</comp>

<comp id="6" class="1000" name="reset">
<pin_list>
<pin id="7" dir="1" index="0" bw="1" slack="2147483647"/>
</pin_list>
<bind>
<StgValue><ssdm name="reset"/></StgValue>
</bind>
</comp>

<comp id="8" class="1001" name="const_8">
<pin_list>
<pin id="9" dir="1" index="0" bw="1" slack="2147483647"/>
</pin_list>
<bind>
<StgValue><ssdm name="_ssdm_op_SpecBitsMap"/></StgValue>
</bind>
</comp>

<comp id="10" class="1001" name="const_10">
<pin_list>
<pin id="11" dir="1" index="0" bw="1" slack="2147483647"/>
</pin_list>
<bind>
<StgValue><ssdm name="_ssdm_op_SpecTopModule"/></StgValue>
</bind>
</comp>

<comp id="12" class="1001" name="const_12">
<pin_list>
<pin id="13" dir="1" index="0" bw="1" slack="2147483647"/>
</pin_list>
<bind>
<StgValue><ssdm name="str"/></StgValue>
</bind>
</comp>

<comp id="14" class="1001" name="const_14">
<pin_list>
<pin id="15" dir="1" index="0" bw="1" slack="0"/>
</pin_list>
<bind>
<StgValue><ssdm name="_ssdm_op_Read.ap_auto.i32"/></StgValue>
</bind>
</comp>

<comp id="16" class="1001" name="const_16">
<pin_list>
<pin id="17" dir="1" index="0" bw="1" slack="0"/>
</pin_list>
<bind>
<StgValue><ssdm name=""/></StgValue>
</bind>
</comp>

<comp id="18" class="1001" name="const_18">
<pin_list>
<pin id="19" dir="1" index="0" bw="1" slack="2147483647"/>
</pin_list>
<bind>
<StgValue><ssdm name="_ssdm_op_SpecWire"/></StgValue>
</bind>
</comp>

<comp id="20" class="1001" name="const_20">
<pin_list>
<pin id="21" dir="1" index="0" bw="1" slack="2147483647"/>
</pin_list>
<bind>
<StgValue><ssdm name="p_str"/></StgValue>
</bind>
</comp>

<comp id="22" class="1001" name="const_22">
<pin_list>
<pin id="23" dir="1" index="0" bw="1" slack="2147483647"/>
</pin_list>
<bind>
<StgValue><ssdm name=""/></StgValue>
</bind>
</comp>

<comp id="24" class="1001" name="const_24">
<pin_list>
<pin id="25" dir="1" index="0" bw="1" slack="2147483647"/>
</pin_list>
<bind>
<StgValue><ssdm name=""/></StgValue>
</bind>
</comp>

<comp id="26" class="1001" name="const_26">
<pin_list>
<pin id="27" dir="1" index="0" bw="1" slack="2147483647"/>
</pin_list>
<bind>
<StgValue><ssdm name="p_str1"/></StgValue>
</bind>
</comp>

<comp id="28" class="1001" name="const_28">
<pin_list>
<pin id="29" dir="1" index="0" bw="1" slack="2147483647"/>
</pin_list>
<bind>
<StgValue><ssdm name="p_str2"/></StgValue>
</bind>
</comp>

<comp id="30" class="1001" name="const_30">
<pin_list>
<pin id="31" dir="1" index="0" bw="1" slack="2147483647"/>
</pin_list>
<bind>
<StgValue><ssdm name="p_str3"/></StgValue>
</bind>
</comp>

<comp id="32" class="1004" name="minAddress_assign_fu_32">
<pin_list>
<pin id="33" dir="0" index="0" bw="1" slack="0"/>
<pin id="34" dir="1" index="1" bw="32" slack="0"/>
</pin_list>
<bind>
<opcode="alloca(26) " fcode="alloca"/>
<opset="minAddress_assign/1 "/>
</bind>
</comp>

<comp id="36" class="1004" name="minAddress_read_read_fu_36">
<pin_list>
<pin id="37" dir="0" index="0" bw="32" slack="0"/>
<pin id="38" dir="0" index="1" bw="32" slack="0"/>
<pin id="39" dir="1" index="2" bw="32" slack="0"/>
</pin_list>
<bind>
<opcode="read(1150) " fcode="read"/>
<opset="minAddress_read/1 "/>
</bind>
</comp>

<comp id="43" class="1004" name="stg_9_store_fu_43">
<pin_list>
<pin id="44" dir="0" index="0" bw="32" slack="0"/>
<pin id="45" dir="0" index="1" bw="32" slack="0"/>
<pin id="46" dir="1" index="2" bw="0" slack="2147483647"/>
</pin_list>
<bind>
<opcode="store(28) " fcode="store"/>
<opset="stg_9/1 "/>
</bind>
</comp>

<comp id="48" class="1005" name="minAddress_assign_reg_48">
<pin_list>
<pin id="49" dir="0" index="0" bw="32" slack="0"/>
<pin id="50" dir="1" index="1" bw="32" slack="0"/>
</pin_list>
<bind>
<opset="minAddress_assign "/>
</bind>
</comp>

</comp_list>

<net_list>
<net id="35"><net_src comp="16" pin="0"/><net_sink comp="32" pin=0"/></net>

<net id="40"><net_src comp="14" pin="0"/><net_sink comp="36" pin=0"/></net>

<net id="41"><net_src comp="4" pin="0"/><net_sink comp="36" pin=1"/></net>

<net id="47"><net_src comp="36" pin="2"/><net_sink comp="43" pin=0"/></net>

<net id="51"><net_src comp="32" pin="1"/><net_sink comp="48" pin=0"/></net>

<net id="52"><net_src comp="48" pin="1"/><net_sink comp="43" pin=1"/></net>

</net_list>

</model> 
---------------- Datapath Model END ------------------

* FSMD analyzer results:
  - Output states:
  - Chain level:
	State 1
		stg_9 : 1


============================================================
+ Verbose Summary: Datapath Resource usage 
============================================================

* Functional unit list:
|----------|----------------------------|
| Operation|       Functional Unit      |
|----------|----------------------------|
|   read   | minAddress_read_read_fu_36 |
|----------|----------------------------|
|   Total  |                            |
|----------|----------------------------|

Memories:
N/A

* Register list:
+------------------------+--------+
|                        |   FF   |
+------------------------+--------+
|minAddress_assign_reg_48|   32   |
+------------------------+--------+
|          Total         |   32   |
+------------------------+--------+

* Multiplexer (MUX) list: 
|--------|------|------|------|--------|
|  Comp  |  Pin | Size |  BW  | S x BW |
|--------|------|------|------|--------|
|  Total |      |      |      |    0   |
|--------|------|------|------|--------|



* Summary:
+-----------+--------+
|           |   FF   |
+-----------+--------+
|  Function |    -   |
|   Memory  |    -   |
|Multiplexer|    -   |
|  Register |   32   |
+-----------+--------+
|   Total   |   32   |
+-----------+--------+
